14:34:28.375 [main] INFO  org.eclipse.jetty.util.log - Logging initialized @5594ms
14:38:46.497 [nREPL-worker-1] INFO  org.eclipse.jetty.server.Server - jetty-9.3.8.v20160314
14:38:46.533 [nREPL-worker-1] INFO  o.e.j.server.handler.ContextHandler - Started o.e.j.s.ServletContextHandler@1364725f{/,null,AVAILABLE}
14:38:46.555 [nREPL-worker-1] INFO  o.e.jetty.server.ServerConnector - Started ServerConnector@4f432a9b{HTTP/1.1,[http/1.1, h2c, h2c-17, h2c-16, h2c-15, h2c-14]}{0.0.0.0:8080}
14:38:46.555 [nREPL-worker-1] INFO  org.eclipse.jetty.server.Server - Started @263784ms
15:44:30.211 [main] INFO  org.eclipse.jetty.util.log - Logging initialized @14520ms
15:44:36.214 [nREPL-worker-0] INFO  org.eclipse.jetty.server.Server - jetty-9.3.8.v20160314
15:44:36.253 [nREPL-worker-0] INFO  o.e.j.server.handler.ContextHandler - Started o.e.j.s.ServletContextHandler@2212d72e{/,null,AVAILABLE}
15:44:36.277 [nREPL-worker-0] INFO  o.e.jetty.server.ServerConnector - Started ServerConnector@28c3bebf{HTTP/1.1,[http/1.1, h2c, h2c-17, h2c-16, h2c-15, h2c-14]}{0.0.0.0:8080}
15:44:36.278 [nREPL-worker-0] INFO  org.eclipse.jetty.server.Server - Started @20589ms
15:50:03.817 [Scheduler-1266445689] ERROR radiohere.service - {:msg "WS Error happened", :line 45}
java.net.SocketTimeoutException: Timeout on Read
	at org.eclipse.jetty.websocket.common.io.AbstractWebSocketConnection.onReadTimeout(AbstractWebSocketConnection.java:588)
	at org.eclipse.jetty.io.AbstractConnection.onFillInterestedFailed(AbstractConnection.java:168)
	at org.eclipse.jetty.websocket.common.io.AbstractWebSocketConnection.onFillInterestedFailed(AbstractWebSocketConnection.java:534)
	at org.eclipse.jetty.io.AbstractConnection$ReadCallback.failed(AbstractConnection.java:279)
	at org.eclipse.jetty.io.FillInterest.onFail(FillInterest.java:125)
	at org.eclipse.jetty.io.AbstractEndPoint.onIdleExpired(AbstractEndPoint.java:167)
	at org.eclipse.jetty.io.IdleTimeout.checkIdleTimeout(IdleTimeout.java:166)
	at org.eclipse.jetty.io.IdleTimeout$1.run(IdleTimeout.java:50)
	at java.util.concurrent.Executors$RunnableAdapter.call(Executors.java:511)
	at java.util.concurrent.FutureTask.run(FutureTask.java:266)
	at java.util.concurrent.ScheduledThreadPoolExecutor$ScheduledFutureTask.access$201(ScheduledThreadPoolExecutor.java:180)
	at java.util.concurrent.ScheduledThreadPoolExecutor$ScheduledFutureTask.run(ScheduledThreadPoolExecutor.java:293)
	at java.util.concurrent.ThreadPoolExecutor.runWorker(ThreadPoolExecutor.java:1142)
	at java.util.concurrent.ThreadPoolExecutor$Worker.run(ThreadPoolExecutor.java:617)
	at java.lang.Thread.run(Thread.java:745)
15:50:03.826 [Scheduler-1266445689] INFO  radiohere.service - {:msg "WS Closed:", :reason "Idle Timeout", :line 46}
16:03:17.561 [main] INFO  org.eclipse.jetty.util.log - Logging initialized @14528ms
16:04:26.639 [nREPL-worker-1] INFO  org.eclipse.jetty.server.Server - jetty-9.3.8.v20160314
16:04:26.677 [nREPL-worker-1] INFO  o.e.j.server.handler.ContextHandler - Started o.e.j.s.ServletContextHandler@4b512049{/,null,AVAILABLE}
16:04:26.700 [nREPL-worker-1] INFO  o.e.jetty.server.ServerConnector - Started ServerConnector@33df48ea{HTTP/1.1,[http/1.1, h2c, h2c-17, h2c-16, h2c-15, h2c-14]}{0.0.0.0:8080}
16:04:26.700 [nREPL-worker-1] INFO  org.eclipse.jetty.server.Server - Started @83670ms
16:07:25.404 [qtp1687414267-28] INFO  radiohere.service - {:msg "WS Closed:", :reason "WebSocket Read EOF", :line 46}
16:08:51.746 [qtp1687414267-23] INFO  radiohere.service - {:msg "WS Closed:", :reason "WebSocket Read EOF", :line 46}
16:08:51.746 [qtp1687414267-29] INFO  radiohere.service - {:msg "WS Closed:", :reason "WebSocket Read EOF", :line 46}
16:08:51.746 [qtp1687414267-24] INFO  radiohere.service - {:msg "WS Closed:", :reason "WebSocket Read EOF", :line 46}
16:09:59.127 [main] INFO  org.eclipse.jetty.util.log - Logging initialized @35075ms
16:10:04.971 [nREPL-worker-0] INFO  org.eclipse.jetty.server.Server - jetty-9.3.8.v20160314
16:10:05.014 [nREPL-worker-0] INFO  o.e.j.server.handler.ContextHandler - Started o.e.j.s.ServletContextHandler@468694f{/,null,AVAILABLE}
16:10:05.063 [nREPL-worker-0] INFO  o.e.jetty.server.ServerConnector - Started ServerConnector@6d324908{HTTP/1.1,[http/1.1, h2c, h2c-17, h2c-16, h2c-15, h2c-14]}{0.0.0.0:8080}
16:10:05.065 [nREPL-worker-0] INFO  org.eclipse.jetty.server.Server - Started @41015ms
16:10:15.251 [qtp974932024-24] WARN  i.p.h.j.websockets$make_ws_listener$reify__15492 - Unhandled Error (closing connection)
clojure.lang.ArityException: Wrong number of args (2) passed to: songkick/find-gigs
	at clojure.lang.AFn.throwArity(AFn.java:429)
	at clojure.lang.AFn.invoke(AFn.java:36)
	at radiohere.service$send_gigs.invokeStatic(service.clj:34)
	at radiohere.service$send_gigs.invoke(service.clj:33)
	at radiohere.service$new_ws_client.invokeStatic(service.clj:40)
	at radiohere.service$new_ws_client.invoke(service.clj:37)
	at io.pedestal.http.jetty.websockets$start_ws_connection$fn__15438.invoke(websockets.clj:52)
	at io.pedestal.http.jetty.websockets$make_ws_listener$reify__15492.onWebSocketConnect(websockets.clj:64)
	at org.eclipse.jetty.websocket.common.events.JettyListenerEventDriver.onConnect(JettyListenerEventDriver.java:106)
	at org.eclipse.jetty.websocket.common.events.AbstractEventDriver.openSession(AbstractEventDriver.java:229)
	at org.eclipse.jetty.websocket.common.WebSocketSession.open(WebSocketSession.java:489)
	at org.eclipse.jetty.websocket.common.WebSocketSession.onOpened(WebSocketSession.java:423)
	at org.eclipse.jetty.io.AbstractConnection.onOpen(AbstractConnection.java:198)
	at org.eclipse.jetty.websocket.common.io.AbstractWebSocketConnection.onOpen(AbstractWebSocketConnection.java:562)
	at org.eclipse.jetty.io.AbstractEndPoint.upgrade(AbstractEndPoint.java:201)
	at org.eclipse.jetty.server.HttpConnection.onCompleted(HttpConnection.java:369)
	at org.eclipse.jetty.server.HttpChannel.onCompleted(HttpChannel.java:611)
	at org.eclipse.jetty.server.HttpChannel.handle(HttpChannel.java:442)
	at org.eclipse.jetty.server.HttpConnection.onFillable(HttpConnection.java:244)
	at org.eclipse.jetty.io.AbstractConnection$ReadCallback.succeeded(AbstractConnection.java:273)
	at org.eclipse.jetty.io.FillInterest.fillable(FillInterest.java:95)
	at org.eclipse.jetty.io.SelectChannelEndPoint$2.run(SelectChannelEndPoint.java:93)
	at org.eclipse.jetty.util.thread.strategy.ExecuteProduceConsume.produceAndRun(ExecuteProduceConsume.java:246)
	at org.eclipse.jetty.util.thread.strategy.ExecuteProduceConsume.run(ExecuteProduceConsume.java:156)
	at org.eclipse.jetty.util.thread.QueuedThreadPool.runJob(QueuedThreadPool.java:654)
	at org.eclipse.jetty.util.thread.QueuedThreadPool$3.run(QueuedThreadPool.java:572)
	at java.lang.Thread.run(Thread.java:745)
16:10:15.256 [qtp974932024-24] ERROR radiohere.service - {:msg "WS Error happened", :line 47}
clojure.lang.ArityException: Wrong number of args (2) passed to: songkick/find-gigs
	at clojure.lang.AFn.throwArity(AFn.java:429)
	at clojure.lang.AFn.invoke(AFn.java:36)
	at radiohere.service$send_gigs.invokeStatic(service.clj:34)
	at radiohere.service$send_gigs.invoke(service.clj:33)
	at radiohere.service$new_ws_client.invokeStatic(service.clj:40)
	at radiohere.service$new_ws_client.invoke(service.clj:37)
	at io.pedestal.http.jetty.websockets$start_ws_connection$fn__15438.invoke(websockets.clj:52)
	at io.pedestal.http.jetty.websockets$make_ws_listener$reify__15492.onWebSocketConnect(websockets.clj:64)
	at org.eclipse.jetty.websocket.common.events.JettyListenerEventDriver.onConnect(JettyListenerEventDriver.java:106)
	at org.eclipse.jetty.websocket.common.events.AbstractEventDriver.openSession(AbstractEventDriver.java:229)
	at org.eclipse.jetty.websocket.common.WebSocketSession.open(WebSocketSession.java:489)
	at org.eclipse.jetty.websocket.common.WebSocketSession.onOpened(WebSocketSession.java:423)
	at org.eclipse.jetty.io.AbstractConnection.onOpen(AbstractConnection.java:198)
	at org.eclipse.jetty.websocket.common.io.AbstractWebSocketConnection.onOpen(AbstractWebSocketConnection.java:562)
	at org.eclipse.jetty.io.AbstractEndPoint.upgrade(AbstractEndPoint.java:201)
	at org.eclipse.jetty.server.HttpConnection.onCompleted(HttpConnection.java:369)
	at org.eclipse.jetty.server.HttpChannel.onCompleted(HttpChannel.java:611)
	at org.eclipse.jetty.server.HttpChannel.handle(HttpChannel.java:442)
	at org.eclipse.jetty.server.HttpConnection.onFillable(HttpConnection.java:244)
	at org.eclipse.jetty.io.AbstractConnection$ReadCallback.succeeded(AbstractConnection.java:273)
	at org.eclipse.jetty.io.FillInterest.fillable(FillInterest.java:95)
	at org.eclipse.jetty.io.SelectChannelEndPoint$2.run(SelectChannelEndPoint.java:93)
	at org.eclipse.jetty.util.thread.strategy.ExecuteProduceConsume.produceAndRun(ExecuteProduceConsume.java:246)
	at org.eclipse.jetty.util.thread.strategy.ExecuteProduceConsume.run(ExecuteProduceConsume.java:156)
	at org.eclipse.jetty.util.thread.QueuedThreadPool.runJob(QueuedThreadPool.java:654)
	at org.eclipse.jetty.util.thread.QueuedThreadPool$3.run(QueuedThreadPool.java:572)
	at java.lang.Thread.run(Thread.java:745)
16:10:15.264 [qtp974932024-24] INFO  radiohere.service - {:msg "WS Closed:", :reason "ArityException", :line 48}
16:10:15.264 [qtp974932024-24] WARN  o.e.j.w.common.WebSocketSession - 
clojure.lang.ArityException: Wrong number of args (2) passed to: songkick/find-gigs
	at clojure.lang.AFn.throwArity(AFn.java:429)
	at clojure.lang.AFn.invoke(AFn.java:36)
	at radiohere.service$send_gigs.invokeStatic(service.clj:34)
	at radiohere.service$send_gigs.invoke(service.clj:33)
	at radiohere.service$new_ws_client.invokeStatic(service.clj:40)
	at radiohere.service$new_ws_client.invoke(service.clj:37)
	at io.pedestal.http.jetty.websockets$start_ws_connection$fn__15438.invoke(websockets.clj:52)
	at io.pedestal.http.jetty.websockets$make_ws_listener$reify__15492.onWebSocketConnect(websockets.clj:64)
	at org.eclipse.jetty.websocket.common.events.JettyListenerEventDriver.onConnect(JettyListenerEventDriver.java:106)
	at org.eclipse.jetty.websocket.common.events.AbstractEventDriver.openSession(AbstractEventDriver.java:229)
	at org.eclipse.jetty.websocket.common.WebSocketSession.open(WebSocketSession.java:489)
	at org.eclipse.jetty.websocket.common.WebSocketSession.onOpened(WebSocketSession.java:423)
	at org.eclipse.jetty.io.AbstractConnection.onOpen(AbstractConnection.java:198)
	at org.eclipse.jetty.websocket.common.io.AbstractWebSocketConnection.onOpen(AbstractWebSocketConnection.java:562)
	at org.eclipse.jetty.io.AbstractEndPoint.upgrade(AbstractEndPoint.java:201)
	at org.eclipse.jetty.server.HttpConnection.onCompleted(HttpConnection.java:369)
	at org.eclipse.jetty.server.HttpChannel.onCompleted(HttpChannel.java:611)
	at org.eclipse.jetty.server.HttpChannel.handle(HttpChannel.java:442)
	at org.eclipse.jetty.server.HttpConnection.onFillable(HttpConnection.java:244)
	at org.eclipse.jetty.io.AbstractConnection$ReadCallback.succeeded(AbstractConnection.java:273)
	at org.eclipse.jetty.io.FillInterest.fillable(FillInterest.java:95)
	at org.eclipse.jetty.io.SelectChannelEndPoint$2.run(SelectChannelEndPoint.java:93)
	at org.eclipse.jetty.util.thread.strategy.ExecuteProduceConsume.produceAndRun(ExecuteProduceConsume.java:246)
	at org.eclipse.jetty.util.thread.strategy.ExecuteProduceConsume.run(ExecuteProduceConsume.java:156)
	at org.eclipse.jetty.util.thread.QueuedThreadPool.runJob(QueuedThreadPool.java:654)
	at org.eclipse.jetty.util.thread.QueuedThreadPool$3.run(QueuedThreadPool.java:572)
	at java.lang.Thread.run(Thread.java:745)
16:10:52.151 [qtp974932024-19] WARN  i.p.h.j.websockets$make_ws_listener$reify__15492 - Unhandled Error (closing connection)
clojure.lang.ArityException: Wrong number of args (2) passed to: songkick/find-gigs
	at clojure.lang.AFn.throwArity(AFn.java:429)
	at clojure.lang.AFn.invoke(AFn.java:36)
	at radiohere.service$send_gigs.invokeStatic(service.clj:34)
	at radiohere.service$send_gigs.invoke(service.clj:33)
	at radiohere.service$new_ws_client.invokeStatic(service.clj:40)
	at radiohere.service$new_ws_client.invoke(service.clj:37)
	at io.pedestal.http.jetty.websockets$start_ws_connection$fn__15438.invoke(websockets.clj:52)
	at io.pedestal.http.jetty.websockets$make_ws_listener$reify__15492.onWebSocketConnect(websockets.clj:64)
	at org.eclipse.jetty.websocket.common.events.JettyListenerEventDriver.onConnect(JettyListenerEventDriver.java:106)
	at org.eclipse.jetty.websocket.common.events.AbstractEventDriver.openSession(AbstractEventDriver.java:229)
	at org.eclipse.jetty.websocket.common.WebSocketSession.open(WebSocketSession.java:489)
	at org.eclipse.jetty.websocket.common.WebSocketSession.onOpened(WebSocketSession.java:423)
	at org.eclipse.jetty.io.AbstractConnection.onOpen(AbstractConnection.java:198)
	at org.eclipse.jetty.websocket.common.io.AbstractWebSocketConnection.onOpen(AbstractWebSocketConnection.java:562)
	at org.eclipse.jetty.io.AbstractEndPoint.upgrade(AbstractEndPoint.java:201)
	at org.eclipse.jetty.server.HttpConnection.onCompleted(HttpConnection.java:369)
	at org.eclipse.jetty.server.HttpChannel.onCompleted(HttpChannel.java:611)
	at org.eclipse.jetty.server.HttpChannel.handle(HttpChannel.java:442)
	at org.eclipse.jetty.server.HttpConnection.onFillable(HttpConnection.java:244)
	at org.eclipse.jetty.io.AbstractConnection$ReadCallback.succeeded(AbstractConnection.java:273)
	at org.eclipse.jetty.io.FillInterest.fillable(FillInterest.java:95)
	at org.eclipse.jetty.io.SelectChannelEndPoint$2.run(SelectChannelEndPoint.java:93)
	at org.eclipse.jetty.util.thread.strategy.ExecuteProduceConsume.produceAndRun(ExecuteProduceConsume.java:246)
	at org.eclipse.jetty.util.thread.strategy.ExecuteProduceConsume.run(ExecuteProduceConsume.java:156)
	at org.eclipse.jetty.util.thread.QueuedThreadPool.runJob(QueuedThreadPool.java:654)
	at org.eclipse.jetty.util.thread.QueuedThreadPool$3.run(QueuedThreadPool.java:572)
	at java.lang.Thread.run(Thread.java:745)
16:10:52.152 [qtp974932024-19] ERROR radiohere.service - {:msg "WS Error happened", :line 47}
clojure.lang.ArityException: Wrong number of args (2) passed to: songkick/find-gigs
	at clojure.lang.AFn.throwArity(AFn.java:429)
	at clojure.lang.AFn.invoke(AFn.java:36)
	at radiohere.service$send_gigs.invokeStatic(service.clj:34)
	at radiohere.service$send_gigs.invoke(service.clj:33)
	at radiohere.service$new_ws_client.invokeStatic(service.clj:40)
	at radiohere.service$new_ws_client.invoke(service.clj:37)
	at io.pedestal.http.jetty.websockets$start_ws_connection$fn__15438.invoke(websockets.clj:52)
	at io.pedestal.http.jetty.websockets$make_ws_listener$reify__15492.onWebSocketConnect(websockets.clj:64)
	at org.eclipse.jetty.websocket.common.events.JettyListenerEventDriver.onConnect(JettyListenerEventDriver.java:106)
	at org.eclipse.jetty.websocket.common.events.AbstractEventDriver.openSession(AbstractEventDriver.java:229)
	at org.eclipse.jetty.websocket.common.WebSocketSession.open(WebSocketSession.java:489)
	at org.eclipse.jetty.websocket.common.WebSocketSession.onOpened(WebSocketSession.java:423)
	at org.eclipse.jetty.io.AbstractConnection.onOpen(AbstractConnection.java:198)
	at org.eclipse.jetty.websocket.common.io.AbstractWebSocketConnection.onOpen(AbstractWebSocketConnection.java:562)
	at org.eclipse.jetty.io.AbstractEndPoint.upgrade(AbstractEndPoint.java:201)
	at org.eclipse.jetty.server.HttpConnection.onCompleted(HttpConnection.java:369)
	at org.eclipse.jetty.server.HttpChannel.onCompleted(HttpChannel.java:611)
	at org.eclipse.jetty.server.HttpChannel.handle(HttpChannel.java:442)
	at org.eclipse.jetty.server.HttpConnection.onFillable(HttpConnection.java:244)
	at org.eclipse.jetty.io.AbstractConnection$ReadCallback.succeeded(AbstractConnection.java:273)
	at org.eclipse.jetty.io.FillInterest.fillable(FillInterest.java:95)
	at org.eclipse.jetty.io.SelectChannelEndPoint$2.run(SelectChannelEndPoint.java:93)
	at org.eclipse.jetty.util.thread.strategy.ExecuteProduceConsume.produceAndRun(ExecuteProduceConsume.java:246)
	at org.eclipse.jetty.util.thread.strategy.ExecuteProduceConsume.run(ExecuteProduceConsume.java:156)
	at org.eclipse.jetty.util.thread.QueuedThreadPool.runJob(QueuedThreadPool.java:654)
	at org.eclipse.jetty.util.thread.QueuedThreadPool$3.run(QueuedThreadPool.java:572)
	at java.lang.Thread.run(Thread.java:745)
16:10:52.153 [qtp974932024-19] INFO  radiohere.service - {:msg "WS Closed:", :reason "ArityException", :line 48}
16:10:52.153 [qtp974932024-19] WARN  o.e.j.w.common.WebSocketSession - 
clojure.lang.ArityException: Wrong number of args (2) passed to: songkick/find-gigs
	at clojure.lang.AFn.throwArity(AFn.java:429)
	at clojure.lang.AFn.invoke(AFn.java:36)
	at radiohere.service$send_gigs.invokeStatic(service.clj:34)
	at radiohere.service$send_gigs.invoke(service.clj:33)
	at radiohere.service$new_ws_client.invokeStatic(service.clj:40)
	at radiohere.service$new_ws_client.invoke(service.clj:37)
	at io.pedestal.http.jetty.websockets$start_ws_connection$fn__15438.invoke(websockets.clj:52)
	at io.pedestal.http.jetty.websockets$make_ws_listener$reify__15492.onWebSocketConnect(websockets.clj:64)
	at org.eclipse.jetty.websocket.common.events.JettyListenerEventDriver.onConnect(JettyListenerEventDriver.java:106)
	at org.eclipse.jetty.websocket.common.events.AbstractEventDriver.openSession(AbstractEventDriver.java:229)
	at org.eclipse.jetty.websocket.common.WebSocketSession.open(WebSocketSession.java:489)
	at org.eclipse.jetty.websocket.common.WebSocketSession.onOpened(WebSocketSession.java:423)
	at org.eclipse.jetty.io.AbstractConnection.onOpen(AbstractConnection.java:198)
	at org.eclipse.jetty.websocket.common.io.AbstractWebSocketConnection.onOpen(AbstractWebSocketConnection.java:562)
	at org.eclipse.jetty.io.AbstractEndPoint.upgrade(AbstractEndPoint.java:201)
	at org.eclipse.jetty.server.HttpConnection.onCompleted(HttpConnection.java:369)
	at org.eclipse.jetty.server.HttpChannel.onCompleted(HttpChannel.java:611)
	at org.eclipse.jetty.server.HttpChannel.handle(HttpChannel.java:442)
	at org.eclipse.jetty.server.HttpConnection.onFillable(HttpConnection.java:244)
	at org.eclipse.jetty.io.AbstractConnection$ReadCallback.succeeded(AbstractConnection.java:273)
	at org.eclipse.jetty.io.FillInterest.fillable(FillInterest.java:95)
	at org.eclipse.jetty.io.SelectChannelEndPoint$2.run(SelectChannelEndPoint.java:93)
	at org.eclipse.jetty.util.thread.strategy.ExecuteProduceConsume.produceAndRun(ExecuteProduceConsume.java:246)
	at org.eclipse.jetty.util.thread.strategy.ExecuteProduceConsume.run(ExecuteProduceConsume.java:156)
	at org.eclipse.jetty.util.thread.QueuedThreadPool.runJob(QueuedThreadPool.java:654)
	at org.eclipse.jetty.util.thread.QueuedThreadPool$3.run(QueuedThreadPool.java:572)
	at java.lang.Thread.run(Thread.java:745)
16:12:08.336 [qtp974932024-20] WARN  i.p.h.j.websockets$make_ws_listener$reify__15492 - Unhandled Error (closing connection)
clojure.lang.ArityException: Wrong number of args (2) passed to: songkick/find-gigs
	at clojure.lang.AFn.throwArity(AFn.java:429)
	at clojure.lang.AFn.invoke(AFn.java:36)
	at radiohere.service$send_gigs.invokeStatic(service.clj:34)
	at radiohere.service$send_gigs.invoke(service.clj:33)
	at radiohere.service$new_ws_client.invokeStatic(service.clj:40)
	at radiohere.service$new_ws_client.invoke(service.clj:37)
	at io.pedestal.http.jetty.websockets$start_ws_connection$fn__15438.invoke(websockets.clj:52)
	at io.pedestal.http.jetty.websockets$make_ws_listener$reify__15492.onWebSocketConnect(websockets.clj:64)
	at org.eclipse.jetty.websocket.common.events.JettyListenerEventDriver.onConnect(JettyListenerEventDriver.java:106)
	at org.eclipse.jetty.websocket.common.events.AbstractEventDriver.openSession(AbstractEventDriver.java:229)
	at org.eclipse.jetty.websocket.common.WebSocketSession.open(WebSocketSession.java:489)
	at org.eclipse.jetty.websocket.common.WebSocketSession.onOpened(WebSocketSession.java:423)
	at org.eclipse.jetty.io.AbstractConnection.onOpen(AbstractConnection.java:198)
	at org.eclipse.jetty.websocket.common.io.AbstractWebSocketConnection.onOpen(AbstractWebSocketConnection.java:562)
	at org.eclipse.jetty.io.AbstractEndPoint.upgrade(AbstractEndPoint.java:201)
	at org.eclipse.jetty.server.HttpConnection.onCompleted(HttpConnection.java:369)
	at org.eclipse.jetty.server.HttpChannel.onCompleted(HttpChannel.java:611)
	at org.eclipse.jetty.server.HttpChannel.handle(HttpChannel.java:442)
	at org.eclipse.jetty.server.HttpConnection.onFillable(HttpConnection.java:244)
	at org.eclipse.jetty.io.AbstractConnection$ReadCallback.succeeded(AbstractConnection.java:273)
	at org.eclipse.jetty.io.FillInterest.fillable(FillInterest.java:95)
	at org.eclipse.jetty.io.SelectChannelEndPoint$2.run(SelectChannelEndPoint.java:93)
	at org.eclipse.jetty.util.thread.strategy.ExecuteProduceConsume.produceAndRun(ExecuteProduceConsume.java:246)
	at org.eclipse.jetty.util.thread.strategy.ExecuteProduceConsume.run(ExecuteProduceConsume.java:156)
	at org.eclipse.jetty.util.thread.QueuedThreadPool.runJob(QueuedThreadPool.java:654)
	at org.eclipse.jetty.util.thread.QueuedThreadPool$3.run(QueuedThreadPool.java:572)
	at java.lang.Thread.run(Thread.java:745)
16:12:08.336 [qtp974932024-20] ERROR radiohere.service - {:msg "WS Error happened", :line 47}
clojure.lang.ArityException: Wrong number of args (2) passed to: songkick/find-gigs
	at clojure.lang.AFn.throwArity(AFn.java:429)
	at clojure.lang.AFn.invoke(AFn.java:36)
	at radiohere.service$send_gigs.invokeStatic(service.clj:34)
	at radiohere.service$send_gigs.invoke(service.clj:33)
	at radiohere.service$new_ws_client.invokeStatic(service.clj:40)
	at radiohere.service$new_ws_client.invoke(service.clj:37)
	at io.pedestal.http.jetty.websockets$start_ws_connection$fn__15438.invoke(websockets.clj:52)
	at io.pedestal.http.jetty.websockets$make_ws_listener$reify__15492.onWebSocketConnect(websockets.clj:64)
	at org.eclipse.jetty.websocket.common.events.JettyListenerEventDriver.onConnect(JettyListenerEventDriver.java:106)
	at org.eclipse.jetty.websocket.common.events.AbstractEventDriver.openSession(AbstractEventDriver.java:229)
	at org.eclipse.jetty.websocket.common.WebSocketSession.open(WebSocketSession.java:489)
	at org.eclipse.jetty.websocket.common.WebSocketSession.onOpened(WebSocketSession.java:423)
	at org.eclipse.jetty.io.AbstractConnection.onOpen(AbstractConnection.java:198)
	at org.eclipse.jetty.websocket.common.io.AbstractWebSocketConnection.onOpen(AbstractWebSocketConnection.java:562)
	at org.eclipse.jetty.io.AbstractEndPoint.upgrade(AbstractEndPoint.java:201)
	at org.eclipse.jetty.server.HttpConnection.onCompleted(HttpConnection.java:369)
	at org.eclipse.jetty.server.HttpChannel.onCompleted(HttpChannel.java:611)
	at org.eclipse.jetty.server.HttpChannel.handle(HttpChannel.java:442)
	at org.eclipse.jetty.server.HttpConnection.onFillable(HttpConnection.java:244)
	at org.eclipse.jetty.io.AbstractConnection$ReadCallback.succeeded(AbstractConnection.java:273)
	at org.eclipse.jetty.io.FillInterest.fillable(FillInterest.java:95)
	at org.eclipse.jetty.io.SelectChannelEndPoint$2.run(SelectChannelEndPoint.java:93)
	at org.eclipse.jetty.util.thread.strategy.ExecuteProduceConsume.produceAndRun(ExecuteProduceConsume.java:246)
	at org.eclipse.jetty.util.thread.strategy.ExecuteProduceConsume.run(ExecuteProduceConsume.java:156)
	at org.eclipse.jetty.util.thread.QueuedThreadPool.runJob(QueuedThreadPool.java:654)
	at org.eclipse.jetty.util.thread.QueuedThreadPool$3.run(QueuedThreadPool.java:572)
	at java.lang.Thread.run(Thread.java:745)
16:12:08.337 [qtp974932024-20] INFO  radiohere.service - {:msg "WS Closed:", :reason "ArityException", :line 48}
16:12:08.338 [qtp974932024-20] WARN  o.e.j.w.common.WebSocketSession - 
clojure.lang.ArityException: Wrong number of args (2) passed to: songkick/find-gigs
	at clojure.lang.AFn.throwArity(AFn.java:429)
	at clojure.lang.AFn.invoke(AFn.java:36)
	at radiohere.service$send_gigs.invokeStatic(service.clj:34)
	at radiohere.service$send_gigs.invoke(service.clj:33)
	at radiohere.service$new_ws_client.invokeStatic(service.clj:40)
	at radiohere.service$new_ws_client.invoke(service.clj:37)
	at io.pedestal.http.jetty.websockets$start_ws_connection$fn__15438.invoke(websockets.clj:52)
	at io.pedestal.http.jetty.websockets$make_ws_listener$reify__15492.onWebSocketConnect(websockets.clj:64)
	at org.eclipse.jetty.websocket.common.events.JettyListenerEventDriver.onConnect(JettyListenerEventDriver.java:106)
	at org.eclipse.jetty.websocket.common.events.AbstractEventDriver.openSession(AbstractEventDriver.java:229)
	at org.eclipse.jetty.websocket.common.WebSocketSession.open(WebSocketSession.java:489)
	at org.eclipse.jetty.websocket.common.WebSocketSession.onOpened(WebSocketSession.java:423)
	at org.eclipse.jetty.io.AbstractConnection.onOpen(AbstractConnection.java:198)
	at org.eclipse.jetty.websocket.common.io.AbstractWebSocketConnection.onOpen(AbstractWebSocketConnection.java:562)
	at org.eclipse.jetty.io.AbstractEndPoint.upgrade(AbstractEndPoint.java:201)
	at org.eclipse.jetty.server.HttpConnection.onCompleted(HttpConnection.java:369)
	at org.eclipse.jetty.server.HttpChannel.onCompleted(HttpChannel.java:611)
	at org.eclipse.jetty.server.HttpChannel.handle(HttpChannel.java:442)
	at org.eclipse.jetty.server.HttpConnection.onFillable(HttpConnection.java:244)
	at org.eclipse.jetty.io.AbstractConnection$ReadCallback.succeeded(AbstractConnection.java:273)
	at org.eclipse.jetty.io.FillInterest.fillable(FillInterest.java:95)
	at org.eclipse.jetty.io.SelectChannelEndPoint$2.run(SelectChannelEndPoint.java:93)
	at org.eclipse.jetty.util.thread.strategy.ExecuteProduceConsume.produceAndRun(ExecuteProduceConsume.java:246)
	at org.eclipse.jetty.util.thread.strategy.ExecuteProduceConsume.run(ExecuteProduceConsume.java:156)
	at org.eclipse.jetty.util.thread.QueuedThreadPool.runJob(QueuedThreadPool.java:654)
	at org.eclipse.jetty.util.thread.QueuedThreadPool$3.run(QueuedThreadPool.java:572)
	at java.lang.Thread.run(Thread.java:745)
16:12:37.233 [main] INFO  org.eclipse.jetty.util.log - Logging initialized @19409ms
16:12:42.578 [nREPL-worker-0] INFO  org.eclipse.jetty.server.Server - jetty-9.3.8.v20160314
16:12:42.620 [nREPL-worker-0] INFO  o.e.j.server.handler.ContextHandler - Started o.e.j.s.ServletContextHandler@4b3486c5{/,null,AVAILABLE}
16:12:42.642 [nREPL-worker-0] INFO  o.e.jetty.server.ServerConnector - Started ServerConnector@271647{HTTP/1.1,[http/1.1, h2c, h2c-17, h2c-16, h2c-15, h2c-14]}{0.0.0.0:8080}
16:12:42.643 [nREPL-worker-0] INFO  org.eclipse.jetty.server.Server - Started @24821ms
16:12:48.529 [qtp1273528146-24] WARN  i.p.h.j.websockets$make_ws_listener$reify__15492 - Unhandled Error (closing connection)
clojure.lang.ArityException: Wrong number of args (2) passed to: songkick/find-gigs
	at clojure.lang.AFn.throwArity(AFn.java:429)
	at clojure.lang.AFn.invoke(AFn.java:36)
	at radiohere.service$send_gigs.invokeStatic(service.clj:34)
	at radiohere.service$send_gigs.invoke(service.clj:33)
	at radiohere.service$new_ws_client.invokeStatic(service.clj:40)
	at radiohere.service$new_ws_client.invoke(service.clj:37)
	at io.pedestal.http.jetty.websockets$start_ws_connection$fn__15438.invoke(websockets.clj:52)
	at io.pedestal.http.jetty.websockets$make_ws_listener$reify__15492.onWebSocketConnect(websockets.clj:64)
	at org.eclipse.jetty.websocket.common.events.JettyListenerEventDriver.onConnect(JettyListenerEventDriver.java:106)
	at org.eclipse.jetty.websocket.common.events.AbstractEventDriver.openSession(AbstractEventDriver.java:229)
	at org.eclipse.jetty.websocket.common.WebSocketSession.open(WebSocketSession.java:489)
	at org.eclipse.jetty.websocket.common.WebSocketSession.onOpened(WebSocketSession.java:423)
	at org.eclipse.jetty.io.AbstractConnection.onOpen(AbstractConnection.java:198)
	at org.eclipse.jetty.websocket.common.io.AbstractWebSocketConnection.onOpen(AbstractWebSocketConnection.java:562)
	at org.eclipse.jetty.io.AbstractEndPoint.upgrade(AbstractEndPoint.java:201)
	at org.eclipse.jetty.server.HttpConnection.onCompleted(HttpConnection.java:369)
	at org.eclipse.jetty.server.HttpChannel.onCompleted(HttpChannel.java:611)
	at org.eclipse.jetty.server.HttpChannel.handle(HttpChannel.java:442)
	at org.eclipse.jetty.server.HttpConnection.onFillable(HttpConnection.java:244)
	at org.eclipse.jetty.io.AbstractConnection$ReadCallback.succeeded(AbstractConnection.java:273)
	at org.eclipse.jetty.io.FillInterest.fillable(FillInterest.java:95)
	at org.eclipse.jetty.io.SelectChannelEndPoint$2.run(SelectChannelEndPoint.java:93)
	at org.eclipse.jetty.util.thread.strategy.ExecuteProduceConsume.produceAndRun(ExecuteProduceConsume.java:246)
	at org.eclipse.jetty.util.thread.strategy.ExecuteProduceConsume.run(ExecuteProduceConsume.java:156)
	at org.eclipse.jetty.util.thread.QueuedThreadPool.runJob(QueuedThreadPool.java:654)
	at org.eclipse.jetty.util.thread.QueuedThreadPool$3.run(QueuedThreadPool.java:572)
	at java.lang.Thread.run(Thread.java:745)
16:12:48.534 [qtp1273528146-24] ERROR radiohere.service - {:msg "WS Error happened", :line 47}
clojure.lang.ArityException: Wrong number of args (2) passed to: songkick/find-gigs
	at clojure.lang.AFn.throwArity(AFn.java:429)
	at clojure.lang.AFn.invoke(AFn.java:36)
	at radiohere.service$send_gigs.invokeStatic(service.clj:34)
	at radiohere.service$send_gigs.invoke(service.clj:33)
	at radiohere.service$new_ws_client.invokeStatic(service.clj:40)
	at radiohere.service$new_ws_client.invoke(service.clj:37)
	at io.pedestal.http.jetty.websockets$start_ws_connection$fn__15438.invoke(websockets.clj:52)
	at io.pedestal.http.jetty.websockets$make_ws_listener$reify__15492.onWebSocketConnect(websockets.clj:64)
	at org.eclipse.jetty.websocket.common.events.JettyListenerEventDriver.onConnect(JettyListenerEventDriver.java:106)
	at org.eclipse.jetty.websocket.common.events.AbstractEventDriver.openSession(AbstractEventDriver.java:229)
	at org.eclipse.jetty.websocket.common.WebSocketSession.open(WebSocketSession.java:489)
	at org.eclipse.jetty.websocket.common.WebSocketSession.onOpened(WebSocketSession.java:423)
	at org.eclipse.jetty.io.AbstractConnection.onOpen(AbstractConnection.java:198)
	at org.eclipse.jetty.websocket.common.io.AbstractWebSocketConnection.onOpen(AbstractWebSocketConnection.java:562)
	at org.eclipse.jetty.io.AbstractEndPoint.upgrade(AbstractEndPoint.java:201)
	at org.eclipse.jetty.server.HttpConnection.onCompleted(HttpConnection.java:369)
	at org.eclipse.jetty.server.HttpChannel.onCompleted(HttpChannel.java:611)
	at org.eclipse.jetty.server.HttpChannel.handle(HttpChannel.java:442)
	at org.eclipse.jetty.server.HttpConnection.onFillable(HttpConnection.java:244)
	at org.eclipse.jetty.io.AbstractConnection$ReadCallback.succeeded(AbstractConnection.java:273)
	at org.eclipse.jetty.io.FillInterest.fillable(FillInterest.java:95)
	at org.eclipse.jetty.io.SelectChannelEndPoint$2.run(SelectChannelEndPoint.java:93)
	at org.eclipse.jetty.util.thread.strategy.ExecuteProduceConsume.produceAndRun(ExecuteProduceConsume.java:246)
	at org.eclipse.jetty.util.thread.strategy.ExecuteProduceConsume.run(ExecuteProduceConsume.java:156)
	at org.eclipse.jetty.util.thread.QueuedThreadPool.runJob(QueuedThreadPool.java:654)
	at org.eclipse.jetty.util.thread.QueuedThreadPool$3.run(QueuedThreadPool.java:572)
	at java.lang.Thread.run(Thread.java:745)
16:12:48.540 [qtp1273528146-24] INFO  radiohere.service - {:msg "WS Closed:", :reason "ArityException", :line 48}
16:12:48.541 [qtp1273528146-24] WARN  o.e.j.w.common.WebSocketSession - 
clojure.lang.ArityException: Wrong number of args (2) passed to: songkick/find-gigs
	at clojure.lang.AFn.throwArity(AFn.java:429)
	at clojure.lang.AFn.invoke(AFn.java:36)
	at radiohere.service$send_gigs.invokeStatic(service.clj:34)
	at radiohere.service$send_gigs.invoke(service.clj:33)
	at radiohere.service$new_ws_client.invokeStatic(service.clj:40)
	at radiohere.service$new_ws_client.invoke(service.clj:37)
	at io.pedestal.http.jetty.websockets$start_ws_connection$fn__15438.invoke(websockets.clj:52)
	at io.pedestal.http.jetty.websockets$make_ws_listener$reify__15492.onWebSocketConnect(websockets.clj:64)
	at org.eclipse.jetty.websocket.common.events.JettyListenerEventDriver.onConnect(JettyListenerEventDriver.java:106)
	at org.eclipse.jetty.websocket.common.events.AbstractEventDriver.openSession(AbstractEventDriver.java:229)
	at org.eclipse.jetty.websocket.common.WebSocketSession.open(WebSocketSession.java:489)
	at org.eclipse.jetty.websocket.common.WebSocketSession.onOpened(WebSocketSession.java:423)
	at org.eclipse.jetty.io.AbstractConnection.onOpen(AbstractConnection.java:198)
	at org.eclipse.jetty.websocket.common.io.AbstractWebSocketConnection.onOpen(AbstractWebSocketConnection.java:562)
	at org.eclipse.jetty.io.AbstractEndPoint.upgrade(AbstractEndPoint.java:201)
	at org.eclipse.jetty.server.HttpConnection.onCompleted(HttpConnection.java:369)
	at org.eclipse.jetty.server.HttpChannel.onCompleted(HttpChannel.java:611)
	at org.eclipse.jetty.server.HttpChannel.handle(HttpChannel.java:442)
	at org.eclipse.jetty.server.HttpConnection.onFillable(HttpConnection.java:244)
	at org.eclipse.jetty.io.AbstractConnection$ReadCallback.succeeded(AbstractConnection.java:273)
	at org.eclipse.jetty.io.FillInterest.fillable(FillInterest.java:95)
	at org.eclipse.jetty.io.SelectChannelEndPoint$2.run(SelectChannelEndPoint.java:93)
	at org.eclipse.jetty.util.thread.strategy.ExecuteProduceConsume.produceAndRun(ExecuteProduceConsume.java:246)
	at org.eclipse.jetty.util.thread.strategy.ExecuteProduceConsume.run(ExecuteProduceConsume.java:156)
	at org.eclipse.jetty.util.thread.QueuedThreadPool.runJob(QueuedThreadPool.java:654)
	at org.eclipse.jetty.util.thread.QueuedThreadPool$3.run(QueuedThreadPool.java:572)
	at java.lang.Thread.run(Thread.java:745)
16:16:15.165 [main] INFO  org.eclipse.jetty.util.log - Logging initialized @15475ms
16:16:35.916 [nREPL-worker-0] INFO  org.eclipse.jetty.server.Server - jetty-9.3.8.v20160314
16:16:35.981 [nREPL-worker-0] INFO  o.e.j.server.handler.ContextHandler - Started o.e.j.s.ServletContextHandler@5bde1e86{/,null,AVAILABLE}
16:16:36.005 [nREPL-worker-0] INFO  o.e.jetty.server.ServerConnector - Started ServerConnector@3d2bcf0{HTTP/1.1,[http/1.1, h2c, h2c-17, h2c-16, h2c-15, h2c-14]}{0.0.0.0:8080}
16:16:36.006 [nREPL-worker-0] INFO  org.eclipse.jetty.server.Server - Started @36318ms
16:18:50.285 [qtp983142079-27] INFO  radiohere.service - {:msg "WS Closed:", :reason "WebSocket Read EOF", :line 48}
16:18:50.285 [qtp983142079-21] INFO  radiohere.service - {:msg "WS Closed:", :reason "WebSocket Read EOF", :line 48}
16:18:50.285 [qtp983142079-22] INFO  radiohere.service - {:msg "WS Closed:", :reason "WebSocket Read EOF", :line 48}
16:23:53.065 [Scheduler-1900739282] ERROR radiohere.service - {:msg "WS Error happened", :line 47}
java.net.SocketTimeoutException: Timeout on Read
	at org.eclipse.jetty.websocket.common.io.AbstractWebSocketConnection.onReadTimeout(AbstractWebSocketConnection.java:588)
	at org.eclipse.jetty.io.AbstractConnection.onFillInterestedFailed(AbstractConnection.java:168)
	at org.eclipse.jetty.websocket.common.io.AbstractWebSocketConnection.onFillInterestedFailed(AbstractWebSocketConnection.java:534)
	at org.eclipse.jetty.io.AbstractConnection$ReadCallback.failed(AbstractConnection.java:279)
	at org.eclipse.jetty.io.FillInterest.onFail(FillInterest.java:125)
	at org.eclipse.jetty.io.AbstractEndPoint.onIdleExpired(AbstractEndPoint.java:167)
	at org.eclipse.jetty.io.IdleTimeout.checkIdleTimeout(IdleTimeout.java:166)
	at org.eclipse.jetty.io.IdleTimeout$1.run(IdleTimeout.java:50)
	at java.util.concurrent.Executors$RunnableAdapter.call(Executors.java:511)
	at java.util.concurrent.FutureTask.run(FutureTask.java:266)
	at java.util.concurrent.ScheduledThreadPoolExecutor$ScheduledFutureTask.access$201(ScheduledThreadPoolExecutor.java:180)
	at java.util.concurrent.ScheduledThreadPoolExecutor$ScheduledFutureTask.run(ScheduledThreadPoolExecutor.java:293)
	at java.util.concurrent.ThreadPoolExecutor.runWorker(ThreadPoolExecutor.java:1142)
	at java.util.concurrent.ThreadPoolExecutor$Worker.run(ThreadPoolExecutor.java:617)
	at java.lang.Thread.run(Thread.java:745)
16:23:53.066 [Scheduler-1900739282] INFO  radiohere.service - {:msg "WS Closed:", :reason "Idle Timeout", :line 48}
16:24:24.906 [Scheduler-1900739282] ERROR radiohere.service - {:msg "WS Error happened", :line 47}
java.net.SocketTimeoutException: Timeout on Read
	at org.eclipse.jetty.websocket.common.io.AbstractWebSocketConnection.onReadTimeout(AbstractWebSocketConnection.java:588)
	at org.eclipse.jetty.io.AbstractConnection.onFillInterestedFailed(AbstractConnection.java:168)
	at org.eclipse.jetty.websocket.common.io.AbstractWebSocketConnection.onFillInterestedFailed(AbstractWebSocketConnection.java:534)
	at org.eclipse.jetty.io.AbstractConnection$ReadCallback.failed(AbstractConnection.java:279)
	at org.eclipse.jetty.io.FillInterest.onFail(FillInterest.java:125)
	at org.eclipse.jetty.io.AbstractEndPoint.onIdleExpired(AbstractEndPoint.java:167)
	at org.eclipse.jetty.io.IdleTimeout.checkIdleTimeout(IdleTimeout.java:166)
	at org.eclipse.jetty.io.IdleTimeout$1.run(IdleTimeout.java:50)
	at java.util.concurrent.Executors$RunnableAdapter.call(Executors.java:511)
	at java.util.concurrent.FutureTask.run(FutureTask.java:266)
	at java.util.concurrent.ScheduledThreadPoolExecutor$ScheduledFutureTask.access$201(ScheduledThreadPoolExecutor.java:180)
	at java.util.concurrent.ScheduledThreadPoolExecutor$ScheduledFutureTask.run(ScheduledThreadPoolExecutor.java:293)
	at java.util.concurrent.ThreadPoolExecutor.runWorker(ThreadPoolExecutor.java:1142)
	at java.util.concurrent.ThreadPoolExecutor$Worker.run(ThreadPoolExecutor.java:617)
	at java.lang.Thread.run(Thread.java:745)
16:24:24.908 [Scheduler-1900739282] INFO  radiohere.service - {:msg "WS Closed:", :reason "Idle Timeout", :line 48}
16:28:38.155 [Scheduler-1900739282] ERROR radiohere.service - {:msg "WS Error happened", :line 47}
java.net.SocketTimeoutException: Timeout on Read
	at org.eclipse.jetty.websocket.common.io.AbstractWebSocketConnection.onReadTimeout(AbstractWebSocketConnection.java:588)
	at org.eclipse.jetty.io.AbstractConnection.onFillInterestedFailed(AbstractConnection.java:168)
	at org.eclipse.jetty.websocket.common.io.AbstractWebSocketConnection.onFillInterestedFailed(AbstractWebSocketConnection.java:534)
	at org.eclipse.jetty.io.AbstractConnection$ReadCallback.failed(AbstractConnection.java:279)
	at org.eclipse.jetty.io.FillInterest.onFail(FillInterest.java:125)
	at org.eclipse.jetty.io.AbstractEndPoint.onIdleExpired(AbstractEndPoint.java:167)
	at org.eclipse.jetty.io.IdleTimeout.checkIdleTimeout(IdleTimeout.java:166)
	at org.eclipse.jetty.io.IdleTimeout$1.run(IdleTimeout.java:50)
	at java.util.concurrent.Executors$RunnableAdapter.call(Executors.java:511)
	at java.util.concurrent.FutureTask.run(FutureTask.java:266)
	at java.util.concurrent.ScheduledThreadPoolExecutor$ScheduledFutureTask.access$201(ScheduledThreadPoolExecutor.java:180)
	at java.util.concurrent.ScheduledThreadPoolExecutor$ScheduledFutureTask.run(ScheduledThreadPoolExecutor.java:293)
	at java.util.concurrent.ThreadPoolExecutor.runWorker(ThreadPoolExecutor.java:1142)
	at java.util.concurrent.ThreadPoolExecutor$Worker.run(ThreadPoolExecutor.java:617)
	at java.lang.Thread.run(Thread.java:745)
16:28:38.157 [Scheduler-1900739282] INFO  radiohere.service - {:msg "WS Closed:", :reason "Idle Timeout", :line 48}
16:29:46.688 [Scheduler-1900739282] ERROR radiohere.service - {:msg "WS Error happened", :line 47}
java.net.SocketTimeoutException: Timeout on Read
	at org.eclipse.jetty.websocket.common.io.AbstractWebSocketConnection.onReadTimeout(AbstractWebSocketConnection.java:588)
	at org.eclipse.jetty.io.AbstractConnection.onFillInterestedFailed(AbstractConnection.java:168)
	at org.eclipse.jetty.websocket.common.io.AbstractWebSocketConnection.onFillInterestedFailed(AbstractWebSocketConnection.java:534)
	at org.eclipse.jetty.io.AbstractConnection$ReadCallback.failed(AbstractConnection.java:279)
	at org.eclipse.jetty.io.FillInterest.onFail(FillInterest.java:125)
	at org.eclipse.jetty.io.AbstractEndPoint.onIdleExpired(AbstractEndPoint.java:167)
	at org.eclipse.jetty.io.IdleTimeout.checkIdleTimeout(IdleTimeout.java:166)
	at org.eclipse.jetty.io.IdleTimeout$1.run(IdleTimeout.java:50)
	at java.util.concurrent.Executors$RunnableAdapter.call(Executors.java:511)
	at java.util.concurrent.FutureTask.run(FutureTask.java:266)
	at java.util.concurrent.ScheduledThreadPoolExecutor$ScheduledFutureTask.access$201(ScheduledThreadPoolExecutor.java:180)
	at java.util.concurrent.ScheduledThreadPoolExecutor$ScheduledFutureTask.run(ScheduledThreadPoolExecutor.java:293)
	at java.util.concurrent.ThreadPoolExecutor.runWorker(ThreadPoolExecutor.java:1142)
	at java.util.concurrent.ThreadPoolExecutor$Worker.run(ThreadPoolExecutor.java:617)
	at java.lang.Thread.run(Thread.java:745)
16:29:46.690 [Scheduler-1900739282] INFO  radiohere.service - {:msg "WS Closed:", :reason "Idle Timeout", :line 48}
16:31:13.524 [Scheduler-1900739282] ERROR radiohere.service - {:msg "WS Error happened", :line 47}
java.net.SocketTimeoutException: Timeout on Read
	at org.eclipse.jetty.websocket.common.io.AbstractWebSocketConnection.onReadTimeout(AbstractWebSocketConnection.java:588)
	at org.eclipse.jetty.io.AbstractConnection.onFillInterestedFailed(AbstractConnection.java:168)
	at org.eclipse.jetty.websocket.common.io.AbstractWebSocketConnection.onFillInterestedFailed(AbstractWebSocketConnection.java:534)
	at org.eclipse.jetty.io.AbstractConnection$ReadCallback.failed(AbstractConnection.java:279)
	at org.eclipse.jetty.io.FillInterest.onFail(FillInterest.java:125)
	at org.eclipse.jetty.io.AbstractEndPoint.onIdleExpired(AbstractEndPoint.java:167)
	at org.eclipse.jetty.io.IdleTimeout.checkIdleTimeout(IdleTimeout.java:166)
	at org.eclipse.jetty.io.IdleTimeout$1.run(IdleTimeout.java:50)
	at java.util.concurrent.Executors$RunnableAdapter.call(Executors.java:511)
	at java.util.concurrent.FutureTask.run(FutureTask.java:266)
	at java.util.concurrent.ScheduledThreadPoolExecutor$ScheduledFutureTask.access$201(ScheduledThreadPoolExecutor.java:180)
	at java.util.concurrent.ScheduledThreadPoolExecutor$ScheduledFutureTask.run(ScheduledThreadPoolExecutor.java:293)
	at java.util.concurrent.ThreadPoolExecutor.runWorker(ThreadPoolExecutor.java:1142)
	at java.util.concurrent.ThreadPoolExecutor$Worker.run(ThreadPoolExecutor.java:617)
	at java.lang.Thread.run(Thread.java:745)
16:31:13.526 [Scheduler-1900739282] INFO  radiohere.service - {:msg "WS Closed:", :reason "Idle Timeout", :line 48}
16:31:57.438 [Scheduler-1900739282] ERROR radiohere.service - {:msg "WS Error happened", :line 47}
java.net.SocketTimeoutException: Timeout on Read
	at org.eclipse.jetty.websocket.common.io.AbstractWebSocketConnection.onReadTimeout(AbstractWebSocketConnection.java:588)
	at org.eclipse.jetty.io.AbstractConnection.onFillInterestedFailed(AbstractConnection.java:168)
	at org.eclipse.jetty.websocket.common.io.AbstractWebSocketConnection.onFillInterestedFailed(AbstractWebSocketConnection.java:534)
	at org.eclipse.jetty.io.AbstractConnection$ReadCallback.failed(AbstractConnection.java:279)
	at org.eclipse.jetty.io.FillInterest.onFail(FillInterest.java:125)
	at org.eclipse.jetty.io.AbstractEndPoint.onIdleExpired(AbstractEndPoint.java:167)
	at org.eclipse.jetty.io.IdleTimeout.checkIdleTimeout(IdleTimeout.java:166)
	at org.eclipse.jetty.io.IdleTimeout$1.run(IdleTimeout.java:50)
	at java.util.concurrent.Executors$RunnableAdapter.call(Executors.java:511)
	at java.util.concurrent.FutureTask.run(FutureTask.java:266)
	at java.util.concurrent.ScheduledThreadPoolExecutor$ScheduledFutureTask.access$201(ScheduledThreadPoolExecutor.java:180)
	at java.util.concurrent.ScheduledThreadPoolExecutor$ScheduledFutureTask.run(ScheduledThreadPoolExecutor.java:293)
	at java.util.concurrent.ThreadPoolExecutor.runWorker(ThreadPoolExecutor.java:1142)
	at java.util.concurrent.ThreadPoolExecutor$Worker.run(ThreadPoolExecutor.java:617)
	at java.lang.Thread.run(Thread.java:745)
16:31:57.440 [Scheduler-1900739282] INFO  radiohere.service - {:msg "WS Closed:", :reason "Idle Timeout", :line 48}
16:32:44.959 [Scheduler-1900739282] ERROR radiohere.service - {:msg "WS Error happened", :line 47}
java.net.SocketTimeoutException: Timeout on Read
	at org.eclipse.jetty.websocket.common.io.AbstractWebSocketConnection.onReadTimeout(AbstractWebSocketConnection.java:588)
	at org.eclipse.jetty.io.AbstractConnection.onFillInterestedFailed(AbstractConnection.java:168)
	at org.eclipse.jetty.websocket.common.io.AbstractWebSocketConnection.onFillInterestedFailed(AbstractWebSocketConnection.java:534)
	at org.eclipse.jetty.io.AbstractConnection$ReadCallback.failed(AbstractConnection.java:279)
	at org.eclipse.jetty.io.FillInterest.onFail(FillInterest.java:125)
	at org.eclipse.jetty.io.AbstractEndPoint.onIdleExpired(AbstractEndPoint.java:167)
	at org.eclipse.jetty.io.IdleTimeout.checkIdleTimeout(IdleTimeout.java:166)
	at org.eclipse.jetty.io.IdleTimeout$1.run(IdleTimeout.java:50)
	at java.util.concurrent.Executors$RunnableAdapter.call(Executors.java:511)
	at java.util.concurrent.FutureTask.run(FutureTask.java:266)
	at java.util.concurrent.ScheduledThreadPoolExecutor$ScheduledFutureTask.access$201(ScheduledThreadPoolExecutor.java:180)
	at java.util.concurrent.ScheduledThreadPoolExecutor$ScheduledFutureTask.run(ScheduledThreadPoolExecutor.java:293)
	at java.util.concurrent.ThreadPoolExecutor.runWorker(ThreadPoolExecutor.java:1142)
	at java.util.concurrent.ThreadPoolExecutor$Worker.run(ThreadPoolExecutor.java:617)
	at java.lang.Thread.run(Thread.java:745)
16:32:44.961 [Scheduler-1900739282] INFO  radiohere.service - {:msg "WS Closed:", :reason "Idle Timeout", :line 48}
16:34:28.226 [qtp983142079-26] INFO  radiohere.service - {:msg "WS Closed:", :reason "WebSocket Read EOF", :line 48}
16:34:28.226 [qtp983142079-37] INFO  radiohere.service - {:msg "WS Closed:", :reason "WebSocket Read EOF", :line 48}
16:34:28.226 [qtp983142079-22] INFO  radiohere.service - {:msg "WS Closed:", :reason "WebSocket Read EOF", :line 48}
